StartID 0 Size 10
StartID 10 Size 10
StartID 12 Size 10
StartID 12 Size 10
StartID 0 Size 10
StartID 10 Size 10
StartID 12 Size 10
StartID 12 Size 10
StartID 12 Size 10
StartID 12 Size 10
StartID 12 Size 10
StartID 12 Size 10
StartID 12 Size 10
StartID 12 Size 10
StartID 12 Size 10
StartID 12 Size 10
StartID 0 Size 10
StartID 10 Size 10
StartID 12 Size 10
StartID 12 Size 10
StartID 12 Size 10
StartID 12 Size 10
StartID 12 Size 10
StartID 12 Size 10
StartID 12 Size 10
StartID 12 Size 10
StartID 12 Size 10
StartID 12 Size 10
StartID 12 Size 10
StartID 12 Size 10
StartID 12 Size 10
StartID 12 Size 10
StartID 12 Size 10
StartID 12 Size 10
StartID 12 Size 10
StartID 12 Size 10
StartID 12 Size 10
StartID 12 Size 10
StartID 12 Size 10
StartID 12 Size 10
StartID 12 Size 10
StartID 12 Size 10
StartID 12 Size 10
StartID 12 Size 10
StartID 12 Size 10
StartID 12 Size 10
StartID 12 Size 10
StartID 12 Size 10
StartID 12 Size 10
StartID 12 Size 10
StartID 12 Size 10
StartID 12 Size 10
StartID 12 Size 10
StartID 12 Size 10
StartID 12 Size 10
StartID 12 Size 10
StartID 0 Size 10
StartID 10 Size 10
StartID 12 Size 10
StartID 12 Size 10
StartID 12 Size 10
StartID 12 Size 10
StartID 12 Size 10
StartID 0 Size 10
StartID 0 Size 10
StartID 10 Size 10
StartID 12 Size 10
StartID 12 Size 10
StartID 12 Size 10
StartID 12 Size 10
StartID 12 Size 10
StartID 12 Size 10
StartID 12 Size 10
StartID 12 Size 10
StartID 12 Size 10
StartID 12 Size 10
StartID 0 Size 10
StartID 10 Size 10
StartID 12 Size 10
StartID 12 Size 10
StartID 12 Size 10
StartID 12 Size 10
StartID 12 Size 10
StartID 12 Size 10
StartID 12 Size 10
StartID 12 Size 10
StartID 12 Size 10
StartID 12 Size 10
StartID 12 Size 10
StartID 12 Size 10
StartID 12 Size 10
StartID 12 Size 10
StartID 12 Size 10
StartID 12 Size 10
StartID 12 Size 10
StartID 12 Size 10
StartID 12 Size 10
StartID 12 Size 10
StartID 0 Size 10
StartID 0 Size 10
StartID 10 Size 10
StartID 12 Size 10
StartID 12 Size 10
StartID 12 Size 10
StartID 12 Size 10
StartID 12 Size 10
StartID 12 Size 10
StartID 12 Size 10
StartID 12 Size 10
StartID 12 Size 10
StartID 12 Size 10
StartID 12 Size 10
StartID 12 Size 10
StartID 12 Size 10
StartID 12 Size 10
StartID 12 Size 10
StartID 12 Size 10
StartID 12 Size 10
StartID 12 Size 10
StartID 12 Size 10
StartID 12 Size 10
StartID 12 Size 10
StartID 12 Size 10
StartID 12 Size 10
StartID 12 Size 10
StartID 12 Size 10
StartID 12 Size 10
StartID 12 Size 10
StartID 12 Size 10
StartID 12 Size 10
StartID 12 Size 10
StartID 12 Size 10
StartID 12 Size 10
StartID 12 Size 10
StartID 12 Size 10
StartID 12 Size 10
StartID 12 Size 10
StartID 12 Size 10
StartID 12 Size 10
StartID 12 Size 10
StartID 12 Size 10
StartID 12 Size 10
StartID 12 Size 10
StartID 12 Size 10
StartID 12 Size 10
StartID 12 Size 10
StartID 12 Size 10
StartID 12 Size 10
StartID 12 Size 10
StartID 12 Size 10
StartID 12 Size 10
StartID 12 Size 10
StartID 12 Size 10
StartID 0 Size 10
StartID 10 Size 10
StartID 12 Size 10
StartID 12 Size 10
StartID 12 Size 10
StartID 12 Size 10
StartID 12 Size 10
StartID 12 Size 10
StartID 12 Size 10
StartID 12 Size 10
